<?xml version="1.0" encoding="UTF-8"?>
<testsuite name="fr.univrouen.iataaaserver.services.util.ReverseRulesTest" time="0.52" tests="29" errors="0" skipped="0" failures="1">
  <properties>
    <property name="java.runtime.name" value="OpenJDK Runtime Environment"/>
    <property name="sun.boot.library.path" value="/usr/lib/jvm/java-8-openjdk-amd64/jre/lib/amd64"/>
    <property name="java.vm.version" value="25.111-b14"/>
    <property name="java.vm.vendor" value="Oracle Corporation"/>
    <property name="java.vendor.url" value="http://java.oracle.com/"/>
    <property name="path.separator" value=":"/>
    <property name="guice.disable.misplaced.annotation.check" value="true"/>
    <property name="java.vm.name" value="OpenJDK 64-Bit Server VM"/>
    <property name="file.encoding.pkg" value="sun.io"/>
    <property name="user.country" value="FR"/>
    <property name="sun.java.launcher" value="SUN_STANDARD"/>
    <property name="sun.os.patch.level" value="unknown"/>
    <property name="java.vm.specification.name" value="Java Virtual Machine Specification"/>
    <property name="user.dir" value="/home/anto/Development/iataaa-server"/>
    <property name="java.runtime.version" value="1.8.0_111-8u111-b14-2ubuntu0.16.04.2-b14"/>
    <property name="java.awt.graphicsenv" value="sun.awt.X11GraphicsEnvironment"/>
    <property name="java.endorsed.dirs" value="/usr/lib/jvm/java-8-openjdk-amd64/jre/lib/endorsed"/>
    <property name="os.arch" value="amd64"/>
    <property name="java.io.tmpdir" value="/tmp"/>
    <property name="line.separator" value="&#10;"/>
    <property name="java.vm.specification.vendor" value="Oracle Corporation"/>
    <property name="os.name" value="Linux"/>
    <property name="maven.ext.class.path" value="/home/anto/softwares/netbeans-8.2/java/maven-nblib/netbeans-eventspy.jar"/>
    <property name="classworlds.conf" value="/home/anto/softwares/netbeans-8.2/java/maven/bin/m2.conf"/>
    <property name="sun.jnu.encoding" value="UTF-8"/>
    <property name="java.library.path" value="/usr/lib/jvm/java-8-openjdk-amd64/jre/lib/amd64:/usr/lib/jvm/java-8-openjdk-amd64/jre/lib/i386::/usr/java/packages/lib/amd64:/usr/lib/x86_64-linux-gnu/jni:/lib/x86_64-linux-gnu:/usr/lib/x86_64-linux-gnu:/usr/lib/jni:/lib:/usr/lib"/>
    <property name="java.specification.name" value="Java Platform API Specification"/>
    <property name="java.class.version" value="52.0"/>
    <property name="sun.management.compiler" value="HotSpot 64-Bit Tiered Compilers"/>
    <property name="os.version" value="4.4.0-47-generic"/>
    <property name="user.home" value="/home/anto"/>
    <property name="user.timezone" value="Europe/Paris"/>
    <property name="java.awt.printerjob" value="sun.print.PSPrinterJob"/>
    <property name="file.encoding" value="UTF-8"/>
    <property name="java.specification.version" value="1.8"/>
    <property name="user.name" value="anto"/>
    <property name="java.class.path" value="/home/anto/softwares/netbeans-8.2/java/maven/boot/plexus-classworlds-2.4.jar"/>
    <property name="java.vm.specification.version" value="1.8"/>
    <property name="sun.arch.data.model" value="64"/>
    <property name="java.home" value="/usr/lib/jvm/java-8-openjdk-amd64/jre"/>
    <property name="sun.java.command" value="org.codehaus.plexus.classworlds.launcher.Launcher -Dmaven.ext.class.path=/home/anto/softwares/netbeans-8.2/java/maven-nblib/netbeans-eventspy.jar clean install"/>
    <property name="java.specification.vendor" value="Oracle Corporation"/>
    <property name="user.language" value="fr"/>
    <property name="awt.toolkit" value="sun.awt.X11.XToolkit"/>
    <property name="java.vm.info" value="mixed mode"/>
    <property name="java.version" value="1.8.0_111"/>
    <property name="java.ext.dirs" value="/usr/lib/jvm/java-8-openjdk-amd64/jre/lib/ext:/usr/java/packages/lib/ext"/>
    <property name="securerandom.source" value="file:/dev/./urandom"/>
    <property name="sun.boot.class.path" value="/usr/lib/jvm/java-8-openjdk-amd64/jre/lib/resources.jar:/usr/lib/jvm/java-8-openjdk-amd64/jre/lib/rt.jar:/usr/lib/jvm/java-8-openjdk-amd64/jre/lib/sunrsasign.jar:/usr/lib/jvm/java-8-openjdk-amd64/jre/lib/jsse.jar:/usr/lib/jvm/java-8-openjdk-amd64/jre/lib/jce.jar:/usr/lib/jvm/java-8-openjdk-amd64/jre/lib/charsets.jar:/usr/lib/jvm/java-8-openjdk-amd64/jre/lib/jfr.jar:/usr/lib/jvm/java-8-openjdk-amd64/jre/classes"/>
    <property name="java.vendor" value="Oracle Corporation"/>
    <property name="maven.home" value="/home/anto/softwares/netbeans-8.2/java/maven"/>
    <property name="file.separator" value="/"/>
    <property name="java.vendor.url.bug" value="http://bugreport.sun.com/bugreport/"/>
    <property name="sun.cpu.endian" value="little"/>
    <property name="sun.io.unicode.encoding" value="UnicodeLittle"/>
    <property name="sun.cpu.isalist" value=""/>
  </properties>
  <testcase name="getAvailableMovesQueen1" classname="fr.univrouen.iataaaserver.services.util.ReverseRulesTest" time="0.406">
    <failure message="&#10;Expecting:&#10;  &lt;[[ ,&#10;     ,&#10;     ,&#10;     ,&#10;     ,&#10;     ,&#10;     ,&#10;     ,&#10;     ,&#10;     ,&#10;     ,&#10;     ,&#10;     ,&#10;     ,&#10;     ,&#10;    x,&#10;    o,&#10;    x,&#10;     ,&#10;     ,&#10;     ,&#10;     ,&#10;     ,&#10;     ,&#10;     ,&#10;    X,&#10;     ,&#10;     ,&#10;     ,&#10;     ,&#10;     ,&#10;     ,&#10;     ,&#10;     ,&#10;     ,&#10;     ,&#10;     ,&#10;     ,&#10;     ,&#10;    o,&#10;     ,&#10;     ,&#10;     ,&#10;     ,&#10;     ,&#10;     ,&#10;     ,&#10;     ,&#10;     ,&#10;     ],&#10;    [ ,&#10;     ,&#10;     ,&#10;     ,&#10;     ,&#10;     ,&#10;     ,&#10;     ,&#10;     ,&#10;     ,&#10;     ,&#10;     ,&#10;     ,&#10;     ,&#10;     ,&#10;    x,&#10;    o,&#10;     ,&#10;    x,&#10;     ,&#10;     ,&#10;     ,&#10;     ,&#10;     ,&#10;     ,&#10;    X,&#10;     ,&#10;     ,&#10;     ,&#10;     ,&#10;     ,&#10;     ,&#10;     ,&#10;     ,&#10;     ,&#10;     ,&#10;     ,&#10;     ,&#10;     ,&#10;    o,&#10;     ,&#10;     ,&#10;     ,&#10;     ,&#10;     ,&#10;     ,&#10;     ,&#10;     ,&#10;     ,&#10;     ],&#10;    [ ,&#10;     ,&#10;     ,&#10;     ,&#10;     ,&#10;     ,&#10;     ,&#10;     ,&#10;     ,&#10;     ,&#10;     ,&#10;     ,&#10;     ,&#10;    x,&#10;     ,&#10;     ,&#10;    o,&#10;     ,&#10;     ,&#10;     ,&#10;    x,&#10;     ,&#10;     ,&#10;     ,&#10;     ,&#10;    X,&#10;     ,&#10;     ,&#10;     ,&#10;     ,&#10;     ,&#10;     ,&#10;     ,&#10;     ,&#10;     ,&#10;     ,&#10;     ,&#10;     ,&#10;     ,&#10;    o,&#10;     ,&#10;     ,&#10;     ,&#10;     ,&#10;     ,&#10;     ,&#10;     ,&#10;     ,&#10;     ,&#10;     ],&#10;    [ ,&#10;     ,&#10;     ,&#10;     ,&#10;     ,&#10;     ,&#10;     ,&#10;     ,&#10;     ,&#10;     ,&#10;     ,&#10;     ,&#10;     ,&#10;    x,&#10;     ,&#10;     ,&#10;    o,&#10;     ,&#10;     ,&#10;     ,&#10;     ,&#10;    x,&#10;     ,&#10;     ,&#10;     ,&#10;    X,&#10;     ,&#10;     ,&#10;     ,&#10;     ,&#10;     ,&#10;     ,&#10;     ,&#10;     ,&#10;     ,&#10;     ,&#10;     ,&#10;     ,&#10;     ,&#10;    o,&#10;     ,&#10;     ,&#10;     ,&#10;     ,&#10;     ,&#10;     ,&#10;     ,&#10;     ,&#10;     ,&#10;     ],&#10;    [ ,&#10;     ,&#10;     ,&#10;     ,&#10;     ,&#10;    X,&#10;     ,&#10;     ,&#10;     ,&#10;     ,&#10;     ,&#10;     ,&#10;     ,&#10;     ,&#10;     ,&#10;     ,&#10;    x,&#10;    o,&#10;     ,&#10;     ,&#10;     ,&#10;     ,&#10;     ,&#10;     ,&#10;     ,&#10;     ,&#10;     ,&#10;     ,&#10;     ,&#10;     ,&#10;     ,&#10;     ,&#10;     ,&#10;     ,&#10;     ,&#10;     ,&#10;     ,&#10;     ,&#10;     ,&#10;     ,&#10;     ,&#10;     ,&#10;     ,&#10;     ,&#10;     ,&#10;     ,&#10;     ,&#10;     ,&#10;     ,&#10;     ],&#10;    [ ,&#10;     ,&#10;     ,&#10;     ,&#10;     ,&#10;     ,&#10;     ,&#10;     ,&#10;     ,&#10;     ,&#10;     ,&#10;    X,&#10;     ,&#10;     ,&#10;     ,&#10;     ,&#10;    x,&#10;    o,&#10;     ,&#10;     ,&#10;     ,&#10;     ,&#10;     ,&#10;     ,&#10;     ,&#10;     ,&#10;     ,&#10;     ,&#10;     ,&#10;     ,&#10;     ,&#10;     ,&#10;     ,&#10;     ,&#10;     ,&#10;     ,&#10;     ,&#10;     ,&#10;     ,&#10;     ,&#10;     ,&#10;     ,&#10;     ,&#10;     ,&#10;     ,&#10;     ,&#10;     ,&#10;     ,&#10;     ,&#10;     ],&#10;    [X,&#10;     ,&#10;     ,&#10;     ,&#10;     ,&#10;     ,&#10;     ,&#10;     ,&#10;     ,&#10;     ,&#10;     ,&#10;     ,&#10;     ,&#10;     ,&#10;     ,&#10;     ,&#10;     ,&#10;    o,&#10;     ,&#10;     ,&#10;     ,&#10;    x,&#10;     ,&#10;     ,&#10;     ,&#10;     ,&#10;     ,&#10;     ,&#10;     ,&#10;     ,&#10;     ,&#10;     ,&#10;     ,&#10;     ,&#10;     ,&#10;     ,&#10;     ,&#10;     ,&#10;     ,&#10;     ,&#10;     ,&#10;     ,&#10;     ,&#10;     ,&#10;     ,&#10;     ,&#10;     ,&#10;     ,&#10;     ,&#10;     ],&#10;    [X,&#10;     ,&#10;     ,&#10;     ,&#10;     ,&#10;     ,&#10;     ,&#10;     ,&#10;     ,&#10;     ,&#10;     ,&#10;     ,&#10;     ,&#10;     ,&#10;     ,&#10;     ,&#10;     ,&#10;    o,&#10;     ,&#10;     ,&#10;     ,&#10;     ,&#10;    x,&#10;     ,&#10;     ,&#10;     ,&#10;     ,&#10;     ,&#10;     ,&#10;     ,&#10;     ,&#10;     ,&#10;     ,&#10;     ,&#10;     ,&#10;     ,&#10;     ,&#10;     ,&#10;     ,&#10;     ,&#10;     ,&#10;     ,&#10;     ,&#10;     ,&#10;     ,&#10;     ,&#10;     ,&#10;     ,&#10;     ,&#10;     ]]&gt;&#10;to contain only:&#10;  &lt;[[ ,&#10;     ,&#10;     ,&#10;     ,&#10;     ,&#10;    X,&#10;     ,&#10;     ,&#10;     ,&#10;     ,&#10;     ,&#10;     ,&#10;     ,&#10;     ,&#10;     ,&#10;     ,&#10;    x,&#10;    o,&#10;     ,&#10;     ,&#10;     ,&#10;     ,&#10;     ,&#10;     ,&#10;     ,&#10;     ,&#10;     ,&#10;     ,&#10;     ,&#10;     ,&#10;     ,&#10;     ,&#10;     ,&#10;     ,&#10;     ,&#10;     ,&#10;     ,&#10;     ,&#10;     ,&#10;     ,&#10;     ,&#10;     ,&#10;     ,&#10;     ,&#10;     ,&#10;     ,&#10;     ,&#10;     ,&#10;     ,&#10;     ],&#10;    [ ,&#10;     ,&#10;     ,&#10;     ,&#10;     ,&#10;     ,&#10;     ,&#10;     ,&#10;     ,&#10;     ,&#10;     ,&#10;    X,&#10;     ,&#10;     ,&#10;     ,&#10;     ,&#10;    x,&#10;    o,&#10;     ,&#10;     ,&#10;     ,&#10;     ,&#10;     ,&#10;     ,&#10;     ,&#10;     ,&#10;     ,&#10;     ,&#10;     ,&#10;     ,&#10;     ,&#10;     ,&#10;     ,&#10;     ,&#10;     ,&#10;     ,&#10;     ,&#10;     ,&#10;     ,&#10;     ,&#10;     ,&#10;     ,&#10;     ,&#10;     ,&#10;     ,&#10;     ,&#10;     ,&#10;     ,&#10;     ,&#10;     ],&#10;    [X,&#10;     ,&#10;     ,&#10;     ,&#10;     ,&#10;     ,&#10;     ,&#10;     ,&#10;     ,&#10;     ,&#10;     ,&#10;     ,&#10;     ,&#10;     ,&#10;     ,&#10;     ,&#10;     ,&#10;    o,&#10;     ,&#10;     ,&#10;     ,&#10;    x,&#10;     ,&#10;     ,&#10;     ,&#10;     ,&#10;     ,&#10;     ,&#10;     ,&#10;     ,&#10;     ,&#10;     ,&#10;     ,&#10;     ,&#10;     ,&#10;     ,&#10;     ,&#10;     ,&#10;     ,&#10;     ,&#10;     ,&#10;     ,&#10;     ,&#10;     ,&#10;     ,&#10;     ,&#10;     ,&#10;     ,&#10;     ,&#10;     ],&#10;    [X,&#10;     ,&#10;     ,&#10;     ,&#10;     ,&#10;     ,&#10;     ,&#10;     ,&#10;     ,&#10;     ,&#10;     ,&#10;     ,&#10;     ,&#10;     ,&#10;     ,&#10;     ,&#10;     ,&#10;    o,&#10;     ,&#10;     ,&#10;     ,&#10;     ,&#10;    x,&#10;     ,&#10;     ,&#10;     ,&#10;     ,&#10;     ,&#10;     ,&#10;     ,&#10;     ,&#10;     ,&#10;     ,&#10;     ,&#10;     ,&#10;     ,&#10;     ,&#10;     ,&#10;     ,&#10;     ,&#10;     ,&#10;     ,&#10;     ,&#10;     ,&#10;     ,&#10;     ,&#10;     ,&#10;     ,&#10;     ,&#10;     ]]&gt;&#10;but the following elements were unexpected:&#10;  &lt;[[ ,&#10;     ,&#10;     ,&#10;     ,&#10;     ,&#10;     ,&#10;     ,&#10;     ,&#10;     ,&#10;     ,&#10;     ,&#10;     ,&#10;     ,&#10;     ,&#10;     ,&#10;    x,&#10;    o,&#10;    x,&#10;     ,&#10;     ,&#10;     ,&#10;     ,&#10;     ,&#10;     ,&#10;     ,&#10;    X,&#10;     ,&#10;     ,&#10;     ,&#10;     ,&#10;     ,&#10;     ,&#10;     ,&#10;     ,&#10;     ,&#10;     ,&#10;     ,&#10;     ,&#10;     ,&#10;    o,&#10;     ,&#10;     ,&#10;     ,&#10;     ,&#10;     ,&#10;     ,&#10;     ,&#10;     ,&#10;     ,&#10;     ],&#10;    [ ,&#10;     ,&#10;     ,&#10;     ,&#10;     ,&#10;     ,&#10;     ,&#10;     ,&#10;     ,&#10;     ,&#10;     ,&#10;     ,&#10;     ,&#10;     ,&#10;     ,&#10;    x,&#10;    o,&#10;     ,&#10;    x,&#10;     ,&#10;     ,&#10;     ,&#10;     ,&#10;     ,&#10;     ,&#10;    X,&#10;     ,&#10;     ,&#10;     ,&#10;     ,&#10;     ,&#10;     ,&#10;     ,&#10;     ,&#10;     ,&#10;     ,&#10;     ,&#10;     ,&#10;     ,&#10;    o,&#10;     ,&#10;     ,&#10;     ,&#10;     ,&#10;     ,&#10;     ,&#10;     ,&#10;     ,&#10;     ,&#10;     ],&#10;    [ ,&#10;     ,&#10;     ,&#10;     ,&#10;     ,&#10;     ,&#10;     ,&#10;     ,&#10;     ,&#10;     ,&#10;     ,&#10;     ,&#10;     ,&#10;    x,&#10;     ,&#10;     ,&#10;    o,&#10;     ,&#10;     ,&#10;     ,&#10;    x,&#10;     ,&#10;     ,&#10;     ,&#10;     ,&#10;    X,&#10;     ,&#10;     ,&#10;     ,&#10;     ,&#10;     ,&#10;     ,&#10;     ,&#10;     ,&#10;     ,&#10;     ,&#10;     ,&#10;     ,&#10;     ,&#10;    o,&#10;     ,&#10;     ,&#10;     ,&#10;     ,&#10;     ,&#10;     ,&#10;     ,&#10;     ,&#10;     ,&#10;     ],&#10;    [ ,&#10;     ,&#10;     ,&#10;     ,&#10;     ,&#10;     ,&#10;     ,&#10;     ,&#10;     ,&#10;     ,&#10;     ,&#10;     ,&#10;     ,&#10;    x,&#10;     ,&#10;     ,&#10;    o,&#10;     ,&#10;     ,&#10;     ,&#10;     ,&#10;    x,&#10;     ,&#10;     ,&#10;     ,&#10;    X,&#10;     ,&#10;     ,&#10;     ,&#10;     ,&#10;     ,&#10;     ,&#10;     ,&#10;     ,&#10;     ,&#10;     ,&#10;     ,&#10;     ,&#10;     ,&#10;    o,&#10;     ,&#10;     ,&#10;     ,&#10;     ,&#10;     ,&#10;     ,&#10;     ,&#10;     ,&#10;     ,&#10;     ]]&gt;&#10;" type="java.lang.AssertionError">java.lang.AssertionError: Expecting:  &lt;[[ ,     ,     ,     ,     ,     ,     ,     ,     ,     ,     ,     ,     ,     ,     ,    x,    o,    x,     ,     ,     ,     ,     ,     ,     ,    X,     ,     ,     ,     ,     ,     ,     ,     ,     ,     ,     ,     ,     ,    o,     ,     ,     ,     ,     ,     ,     ,     ,     ,     ],    [ ,     ,     ,     ,     ,     ,     ,     ,     ,     ,     ,     ,     ,     ,     ,    x,    o,     ,    x,     ,     ,     ,     ,     ,     ,    X,     ,     ,     ,     ,     ,     ,     ,     ,     ,     ,     ,     ,     ,    o,     ,     ,     ,     ,     ,     ,     ,     ,     ,     ],    [ ,     ,     ,     ,     ,     ,     ,     ,     ,     ,     ,     ,     ,    x,     ,     ,    o,     ,     ,     ,    x,     ,     ,     ,     ,    X,     ,     ,     ,     ,     ,     ,     ,     ,     ,     ,     ,     ,     ,    o,     ,     ,     ,     ,     ,     ,     ,     ,     ,     ],    [ ,     ,     ,     ,     ,     ,     ,     ,     ,     ,     ,     ,     ,    x,     ,     ,    o,     ,     ,     ,     ,    x,     ,     ,     ,    X,     ,     ,     ,     ,     ,     ,     ,     ,     ,     ,     ,     ,     ,    o,     ,     ,     ,     ,     ,     ,     ,     ,     ,     ],    [ ,     ,     ,     ,     ,    X,     ,     ,     ,     ,     ,     ,     ,     ,     ,     ,    x,    o,     ,     ,     ,     ,     ,     ,     ,     ,     ,     ,     ,     ,     ,     ,     ,     ,     ,     ,     ,     ,     ,     ,     ,     ,     ,     ,     ,     ,     ,     ,     ,     ],    [ ,     ,     ,     ,     ,     ,     ,     ,     ,     ,     ,    X,     ,     ,     ,     ,    x,    o,     ,     ,     ,     ,     ,     ,     ,     ,     ,     ,     ,     ,     ,     ,     ,     ,     ,     ,     ,     ,     ,     ,     ,     ,     ,     ,     ,     ,     ,     ,     ,     ],    [X,     ,     ,     ,     ,     ,     ,     ,     ,     ,     ,     ,     ,     ,     ,     ,     ,    o,     ,     ,     ,    x,     ,     ,     ,     ,     ,     ,     ,     ,     ,     ,     ,     ,     ,     ,     ,     ,     ,     ,     ,     ,     ,     ,     ,     ,     ,     ,     ,     ],    [X,     ,     ,     ,     ,     ,     ,     ,     ,     ,     ,     ,     ,     ,     ,     ,     ,    o,     ,     ,     ,     ,    x,     ,     ,     ,     ,     ,     ,     ,     ,     ,     ,     ,     ,     ,     ,     ,     ,     ,     ,     ,     ,     ,     ,     ,     ,     ,     ,     ]]&gt;to contain only:  &lt;[[ ,     ,     ,     ,     ,    X,     ,     ,     ,     ,     ,     ,     ,     ,     ,     ,    x,    o,     ,     ,     ,     ,     ,     ,     ,     ,     ,     ,     ,     ,     ,     ,     ,     ,     ,     ,     ,     ,     ,     ,     ,     ,     ,     ,     ,     ,     ,     ,     ,     ],    [ ,     ,     ,     ,     ,     ,     ,     ,     ,     ,     ,    X,     ,     ,     ,     ,    x,    o,     ,     ,     ,     ,     ,     ,     ,     ,     ,     ,     ,     ,     ,     ,     ,     ,     ,     ,     ,     ,     ,     ,     ,     ,     ,     ,     ,     ,     ,     ,     ,     ],    [X,     ,     ,     ,     ,     ,     ,     ,     ,     ,     ,     ,     ,     ,     ,     ,     ,    o,     ,     ,     ,    x,     ,     ,     ,     ,     ,     ,     ,     ,     ,     ,     ,     ,     ,     ,     ,     ,     ,     ,     ,     ,     ,     ,     ,     ,     ,     ,     ,     ],    [X,     ,     ,     ,     ,     ,     ,     ,     ,     ,     ,     ,     ,     ,     ,     ,     ,    o,     ,     ,     ,     ,    x,     ,     ,     ,     ,     ,     ,     ,     ,     ,     ,     ,     ,     ,     ,     ,     ,     ,     ,     ,     ,     ,     ,     ,     ,     ,     ,     ]]&gt;but the following elements were unexpected:  &lt;[[ ,     ,     ,     ,     ,     ,     ,     ,     ,     ,     ,     ,     ,     ,     ,    x,    o,    x,     ,     ,     ,     ,     ,     ,     ,    X,     ,     ,     ,     ,     ,     ,     ,     ,     ,     ,     ,     ,     ,    o,     ,     ,     ,     ,     ,     ,     ,     ,     ,     ],    [ ,     ,     ,     ,     ,     ,     ,     ,     ,     ,     ,     ,     ,     ,     ,    x,    o,     ,    x,     ,     ,     ,     ,     ,     ,    X,     ,     ,     ,     ,     ,     ,     ,     ,     ,     ,     ,     ,     ,    o,     ,     ,     ,     ,     ,     ,     ,     ,     ,     ],    [ ,     ,     ,     ,     ,     ,     ,     ,     ,     ,     ,     ,     ,    x,     ,     ,    o,     ,     ,     ,    x,     ,     ,     ,     ,    X,     ,     ,     ,     ,     ,     ,     ,     ,     ,     ,     ,     ,     ,    o,     ,     ,     ,     ,     ,     ,     ,     ,     ,     ],    [ ,     ,     ,     ,     ,     ,     ,     ,     ,     ,     ,     ,     ,    x,     ,     ,    o,     ,     ,     ,     ,    x,     ,     ,     ,    X,     ,     ,     ,     ,     ,     ,     ,     ,     ,     ,     ,     ,     ,    o,     ,     ,     ,     ,     ,     ,     ,     ,     ,     ]]&gt;	at fr.univrouen.iataaaserver.services.util.ReverseRulesTest.getAvailableMovesQueen1(ReverseRulesTest.java:245)</failure>
  </testcase>
  <testcase name="getAvailableMovesQueen2" classname="fr.univrouen.iataaaserver.services.util.ReverseRulesTest" time="0.009"/>
  <testcase name="getAvailableMovesQueen3" classname="fr.univrouen.iataaaserver.services.util.ReverseRulesTest" time="0.002"/>
  <testcase name="getAvailableMovesTo1JumpForP2" classname="fr.univrouen.iataaaserver.services.util.ReverseRulesTest" time="0.001"/>
  <testcase name="getTopRightCornerPositionAfterJumpTest1" classname="fr.univrouen.iataaaserver.services.util.ReverseRulesTest" time="0.034"/>
  <testcase name="getTopRightCornerPositionAfterJumpTest2" classname="fr.univrouen.iataaaserver.services.util.ReverseRulesTest" time="0"/>
  <testcase name="getAllBottomLeftCornerPositionTest" classname="fr.univrouen.iataaaserver.services.util.ReverseRulesTest" time="0.001"/>
  <testcase name="getAllBottomRightCornerPositionTest" classname="fr.univrouen.iataaaserver.services.util.ReverseRulesTest" time="0.001"/>
  <testcase name="getAvailableMovesCaseJump1With2Choices" classname="fr.univrouen.iataaaserver.services.util.ReverseRulesTest" time="0"/>
  <testcase name="getAllBottomRightCornerPositionReturnEmptyTest" classname="fr.univrouen.iataaaserver.services.util.ReverseRulesTest" time="0.011"/>
  <testcase name="getAllTopRightCornerPositionTest" classname="fr.univrouen.iataaaserver.services.util.ReverseRulesTest" time="0.001"/>
  <testcase name="getTopLeftCornerPositionAfterJumpTest1" classname="fr.univrouen.iataaaserver.services.util.ReverseRulesTest" time="0"/>
  <testcase name="getTopLeftCornerPositionAfterJumpTest2" classname="fr.univrouen.iataaaserver.services.util.ReverseRulesTest" time="0.001"/>
  <testcase name="getAvailableMovesForP2" classname="fr.univrouen.iataaaserver.services.util.ReverseRulesTest" time="0.008"/>
  <testcase name="getAvailableMovesStart" classname="fr.univrouen.iataaaserver.services.util.ReverseRulesTest" time="0.004"/>
  <testcase name="getBottomLeftCornerPositionAfterJumpTest1" classname="fr.univrouen.iataaaserver.services.util.ReverseRulesTest" time="0.007"/>
  <testcase name="getBottomLeftCornerPositionAfterJumpTest2" classname="fr.univrouen.iataaaserver.services.util.ReverseRulesTest" time="0"/>
  <testcase name="getBottomRightCornerPositionAfterJumpTest1" classname="fr.univrouen.iataaaserver.services.util.ReverseRulesTest" time="0.001"/>
  <testcase name="getBottomRightCornerPositionAfterJumpTest2" classname="fr.univrouen.iataaaserver.services.util.ReverseRulesTest" time="0.001"/>
  <testcase name="getAvailableMovesQueenJump6ForP2" classname="fr.univrouen.iataaaserver.services.util.ReverseRulesTest" time="0.004"/>
  <testcase name="reverseCases1" classname="fr.univrouen.iataaaserver.services.util.ReverseRulesTest" time="0.008"/>
  <testcase name="getAvailableMovesQueenJump1" classname="fr.univrouen.iataaaserver.services.util.ReverseRulesTest" time="0.004"/>
  <testcase name="getAvailableMovesQueenJump3" classname="fr.univrouen.iataaaserver.services.util.ReverseRulesTest" time="0.001"/>
  <testcase name="getAvailableMovesQueenJump4" classname="fr.univrouen.iataaaserver.services.util.ReverseRulesTest" time="0.003"/>
  <testcase name="getAvailableMovesQueenJump5" classname="fr.univrouen.iataaaserver.services.util.ReverseRulesTest" time="0.004"/>
  <testcase name="getAvailableMovesQueenJump6" classname="fr.univrouen.iataaaserver.services.util.ReverseRulesTest" time="0.005"/>
  <testcase name="getAvailableMovesCaseJump1" classname="fr.univrouen.iataaaserver.services.util.ReverseRulesTest" time="0"/>
  <testcase name="getAvailableMovesCaseJump2" classname="fr.univrouen.iataaaserver.services.util.ReverseRulesTest" time="0.001"/>
  <testcase name="getAvailableMovesCaseJump3" classname="fr.univrouen.iataaaserver.services.util.ReverseRulesTest" time="0.002"/>
</testsuite>